<?xml version="1.0" encoding="UTF-8"?>
<testng-results ignored="0" total="1" passed="1" failed="0" skipped="0">
  <reporter-output>
  </reporter-output>
  <suite started-at="2024-01-18T06:58:05 IST" name="Default suite" finished-at="2024-01-18T06:58:17 IST" duration-ms="12135">
    <groups>
    </groups>
    <test started-at="2024-01-18T06:58:05 IST" name="Default test" finished-at="2024-01-18T06:58:17 IST" duration-ms="12135">
      <class name="demo.chetanmaven.Drope_downlist">
        <test-method signature="verifyDropdown()[pri:0, instance:demo.chetanmaven.Drope_downlist@481a996b]" started-at="2024-01-18T06:58:05 IST" name="verifyDropdown" finished-at="2024-01-18T06:58:17 IST" duration-ms="12090" status="PASS">
          <reporter-output>
          </reporter-output>
        </test-method> <!-- verifyDropdown -->
      </class> <!-- demo.chetanmaven.Drope_downlist -->
    </test> <!-- Default test -->
  </suite> <!-- Default suite -->
</testng-results>
